2025-06-18 22:53:33,394 - INFO - 自動追蹤系統啟動
2025-06-18 22:53:33,950 - INFO - CARDANO 價格: $0.6008
2025-06-18 23:03:34,691 - INFO - CARDANO 價格: $0.5965
2025-06-18 23:04:24,901 - INFO - 自動追蹤系統啟動
2025-06-18 23:04:25,360 - INFO - CARDANO 價格: $0.5965
2025-06-18 23:05:38,586 - INFO - 自動追蹤系統啟動
2025-06-18 23:05:39,118 - INFO - CARDANO 價格: $0.5969
2025-06-18 23:06:17,795 - INFO - 自動追蹤系統啟動
2025-06-18 23:06:18,252 - INFO - CARDANO 價格: $0.5969
2025-06-18 23:10:56,738 - INFO - 自動追蹤系統啟動
2025-06-18 23:10:57,196 - INFO - CARDANO 價格: $0.5976
2025-06-18 23:12:26,604 - INFO - 自動追蹤系統啟動
2025-06-18 23:12:28,562 - INFO - Email 已發送: 測試通知
2025-06-18 23:12:29,033 - INFO - CARDANO 價格: $0.5979
2025-06-18 23:14:48,702 - INFO - 自動追蹤系統啟動
2025-06-18 23:14:49,176 - INFO - CARDANO 價格: $0.5968
2025-06-18 23:14:50,873 - INFO - Email 已發送: CARDANO 價格高於 0.01
2025-06-18 23:24:49,604 - INFO - CARDANO 價格: $0.5931
2025-06-18 23:24:51,900 - INFO - Email 已發送: CARDANO 價格高於 0.01
2025-06-18 23:26:50,196 - INFO - 自動追蹤系統啟動
2025-06-18 23:26:50,651 - INFO - CARDANO 價格: $0.5938
2025-06-18 23:27:30,109 - INFO - 自動追蹤系統啟動
2025-06-18 23:27:30,593 - INFO - CARDANO 價格: $0.5938
2025-06-18 23:27:30,618 - INFO - CARDANO 價格已寫入資料庫：0.593772
2025-06-18 23:29:02,298 - INFO - 自動追蹤系統啟動
2025-06-18 23:29:02,749 - INFO - CARDANO 價格: $0.5947
2025-06-18 23:29:02,772 - INFO - CARDANO 價格已寫入資料庫：0.594721
